<?xml version="1.0" encoding="UTF-8"?>
<testsuite xmlns:xsi="http://www.w3.org/2001/XMLSchema-instance" xsi:noNamespaceSchemaLocation="https://maven.apache.org/surefire/maven-surefire-plugin/xsd/surefire-test-report-3.0.xsd" version="3.0" name="org.aws.demo.AppTest" time="0.01" tests="1" errors="0" skipped="0" failures="0">
  <properties>
    <property name="gopherProxySet" value="false"/>
    <property name="awt.toolkit" value="sun.lwawt.macosx.LWCToolkit"/>
    <property name="java.specification.version" value="11"/>
    <property name="sun.cpu.isalist" value=""/>
    <property name="sun.jnu.encoding" value="UTF-8"/>
    <property name="java.class.path" value="/Users/narensrinivas/untitled/aws/target/test-classes:/Users/narensrinivas/untitled/aws/target/classes:/Users/narensrinivas/.m2/repository/com/amazonaws/aws-lambda-java-core/1.2.1/aws-lambda-java-core-1.2.1.jar:/Users/narensrinivas/.m2/repository/com/amazonaws/aws-lambda-java-events/3.10.0/aws-lambda-java-events-3.10.0.jar:/Users/narensrinivas/.m2/repository/joda-time/joda-time/2.6/joda-time-2.6.jar:/Users/narensrinivas/.m2/repository/junit/junit/3.8.1/junit-3.8.1.jar:"/>
    <property name="java.vm.vendor" value="Oracle Corporation"/>
    <property name="sun.arch.data.model" value="64"/>
    <property name="java.vendor.url" value="https://openjdk.java.net/"/>
    <property name="user.timezone" value=""/>
    <property name="java.vm.specification.version" value="11"/>
    <property name="os.name" value="Mac OS X"/>
    <property name="sun.java.launcher" value="SUN_STANDARD"/>
    <property name="user.country" value="US"/>
    <property name="sun.boot.library.path" value="/Library/Java/JavaVirtualMachines/jdk-11.jdk/Contents/Home/lib"/>
    <property name="sun.java.command" value="/Users/narensrinivas/untitled/aws/target/surefire/surefirebooter-20230803145045411_3.jar /Users/narensrinivas/untitled/aws/target/surefire 2023-08-03T14-50-45_317-jvmRun1 surefire-20230803145045411_1tmp surefire_0-20230803145045411_2tmp"/>
    <property name="http.nonProxyHosts" value="local|*.local|169.254/16|*.169.254/16"/>
    <property name="jdk.debug" value="release"/>
    <property name="surefire.test.class.path" value="/Users/narensrinivas/untitled/aws/target/test-classes:/Users/narensrinivas/untitled/aws/target/classes:/Users/narensrinivas/.m2/repository/com/amazonaws/aws-lambda-java-core/1.2.1/aws-lambda-java-core-1.2.1.jar:/Users/narensrinivas/.m2/repository/com/amazonaws/aws-lambda-java-events/3.10.0/aws-lambda-java-events-3.10.0.jar:/Users/narensrinivas/.m2/repository/joda-time/joda-time/2.6/joda-time-2.6.jar:/Users/narensrinivas/.m2/repository/junit/junit/3.8.1/junit-3.8.1.jar:"/>
    <property name="sun.cpu.endian" value="little"/>
    <property name="user.home" value="/Users/narensrinivas"/>
    <property name="user.language" value="en"/>
    <property name="java.specification.vendor" value="Oracle Corporation"/>
    <property name="java.version.date" value="2023-04-18"/>
    <property name="java.home" value="/Library/Java/JavaVirtualMachines/jdk-11.jdk/Contents/Home"/>
    <property name="file.separator" value="/"/>
    <property name="basedir" value="/Users/narensrinivas/untitled/aws"/>
    <property name="java.vm.compressedOopsMode" value="Zero based"/>
    <property name="line.separator" value="&#10;"/>
    <property name="java.specification.name" value="Java Platform API Specification"/>
    <property name="java.vm.specification.vendor" value="Oracle Corporation"/>
    <property name="java.awt.graphicsenv" value="sun.awt.CGraphicsEnvironment"/>
    <property name="surefire.real.class.path" value="/Users/narensrinivas/untitled/aws/target/surefire/surefirebooter-20230803145045411_3.jar"/>
    <property name="sun.management.compiler" value="HotSpot 64-Bit Tiered Compilers"/>
    <property name="ftp.nonProxyHosts" value="local|*.local|169.254/16|*.169.254/16"/>
    <property name="java.runtime.version" value="11.0.19+9-LTS-224"/>
    <property name="user.name" value="narensrinivas"/>
    <property name="path.separator" value=":"/>
    <property name="os.version" value="13.2.1"/>
    <property name="java.runtime.name" value="Java(TM) SE Runtime Environment"/>
    <property name="file.encoding" value="UTF-8"/>
    <property name="java.vm.name" value="Java HotSpot(TM) 64-Bit Server VM"/>
    <property name="java.vendor.version" value="18.9"/>
    <property name="localRepository" value="/Users/narensrinivas/.m2/repository"/>
    <property name="java.vendor.url.bug" value="https://bugreport.java.com/bugreport/"/>
    <property name="java.io.tmpdir" value="/var/folders/04/hk0_w7qx64n3252w_tmfzwl00000gn/T/"/>
    <property name="java.version" value="11.0.19"/>
    <property name="user.dir" value="/Users/narensrinivas/untitled/aws"/>
    <property name="os.arch" value="x86_64"/>
    <property name="java.vm.specification.name" value="Java Virtual Machine Specification"/>
    <property name="java.awt.printerjob" value="sun.lwawt.macosx.CPrinterJob"/>
    <property name="sun.os.patch.level" value="unknown"/>
    <property name="java.library.path" value="/Users/narensrinivas/Library/Java/Extensions:/Library/Java/Extensions:/Network/Library/Java/Extensions:/System/Library/Java/Extensions:/usr/lib/java:."/>
    <property name="java.vendor" value="Oracle Corporation"/>
    <property name="java.vm.info" value="mixed mode"/>
    <property name="java.vm.version" value="11.0.19+9-LTS-224"/>
    <property name="sun.io.unicode.encoding" value="UnicodeBig"/>
    <property name="java.class.version" value="55.0"/>
    <property name="socksNonProxyHosts" value="local|*.local|169.254/16|*.169.254/16"/>
  </properties>
  <testcase name="testApp" classname="org.aws.demo.AppTest" time="0.002"/>
</testsuite>